{"C:\\Users\\NhoXanh\\Desktop\\Forge_folder\\timeforge\\src\\resolvers\\validation.js": {"path":"C:\\Users\\NhoXanh\\Desktop\\Forge_folder\\timeforge\\src\\resolvers\\validation.js","statementMap":{"0":{"start":{"line":1,"column":31},"end":{"line":1,"column":45}},"1":{"start":{"line":2,"column":32},"end":{"line":2,"column":67}},"2":{"start":{"line":3,"column":26},"end":{"line":3,"column":47}},"3":{"start":{"line":5,"column":32},"end":{"line":9,"column":1}},"4":{"start":{"line":6,"column":20},"end":{"line":6,"column":43}},"5":{"start":{"line":7,"column":2},"end":{"line":7,"column":68}},"6":{"start":{"line":7,"column":18},"end":{"line":7,"column":68}},"7":{"start":{"line":8,"column":2},"end":{"line":8,"column":19}},"8":{"start":{"line":11,"column":32},"end":{"line":17,"column":1}},"9":{"start":{"line":12,"column":14},"end":{"line":12,"column":38}},"10":{"start":{"line":13,"column":2},"end":{"line":13,"column":53}},"11":{"start":{"line":13,"column":12},"end":{"line":13,"column":53}},"12":{"start":{"line":14,"column":2},"end":{"line":15,"column":103}},"13":{"start":{"line":15,"column":4},"end":{"line":15,"column":103}},"14":{"start":{"line":16,"column":2},"end":{"line":16,"column":13}},"15":{"start":{"line":19,"column":32},"end":{"line":24,"column":1}},"16":{"start":{"line":20,"column":14},"end":{"line":20,"column":52}},"17":{"start":{"line":21,"column":2},"end":{"line":22,"column":98}},"18":{"start":{"line":22,"column":4},"end":{"line":22,"column":98}},"19":{"start":{"line":23,"column":2},"end":{"line":23,"column":13}},"20":{"start":{"line":26,"column":35},"end":{"line":31,"column":1}},"21":{"start":{"line":27,"column":12},"end":{"line":27,"column":23}},"22":{"start":{"line":28,"column":2},"end":{"line":29,"column":83}},"23":{"start":{"line":29,"column":4},"end":{"line":29,"column":83}},"24":{"start":{"line":30,"column":2},"end":{"line":30,"column":11}},"25":{"start":{"line":33,"column":32},"end":{"line":38,"column":1}},"26":{"start":{"line":34,"column":15},"end":{"line":34,"column":39}},"27":{"start":{"line":35,"column":2},"end":{"line":35,"column":55}},"28":{"start":{"line":35,"column":13},"end":{"line":35,"column":55}},"29":{"start":{"line":36,"column":2},"end":{"line":36,"column":107}},"30":{"start":{"line":36,"column":30},"end":{"line":36,"column":107}},"31":{"start":{"line":37,"column":2},"end":{"line":37,"column":14}},"32":{"start":{"line":40,"column":28},"end":{"line":44,"column":1}},"33":{"start":{"line":41,"column":15},"end":{"line":41,"column":39}},"34":{"start":{"line":42,"column":2},"end":{"line":42,"column":80}},"35":{"start":{"line":42,"column":25},"end":{"line":42,"column":80}},"36":{"start":{"line":43,"column":2},"end":{"line":43,"column":14}},"37":{"start":{"line":46,"column":31},"end":{"line":50,"column":1}},"38":{"start":{"line":47,"column":13},"end":{"line":47,"column":24}},"39":{"start":{"line":48,"column":2},"end":{"line":48,"column":81}},"40":{"start":{"line":48,"column":39},"end":{"line":48,"column":81}},"41":{"start":{"line":49,"column":2},"end":{"line":49,"column":12}}},"fnMap":{"0":{"name":"(anonymous_0)","decl":{"start":{"line":5,"column":32},"end":{"line":5,"column":33}},"loc":{"start":{"line":5,"column":41},"end":{"line":9,"column":1}},"line":5},"1":{"name":"(anonymous_1)","decl":{"start":{"line":11,"column":32},"end":{"line":11,"column":33}},"loc":{"start":{"line":11,"column":41},"end":{"line":17,"column":1}},"line":11},"2":{"name":"(anonymous_2)","decl":{"start":{"line":19,"column":32},"end":{"line":19,"column":33}},"loc":{"start":{"line":19,"column":41},"end":{"line":24,"column":1}},"line":19},"3":{"name":"(anonymous_3)","decl":{"start":{"line":26,"column":35},"end":{"line":26,"column":36}},"loc":{"start":{"line":26,"column":44},"end":{"line":31,"column":1}},"line":26},"4":{"name":"(anonymous_4)","decl":{"start":{"line":33,"column":32},"end":{"line":33,"column":33}},"loc":{"start":{"line":33,"column":41},"end":{"line":38,"column":1}},"line":33},"5":{"name":"(anonymous_5)","decl":{"start":{"line":40,"column":28},"end":{"line":40,"column":29}},"loc":{"start":{"line":40,"column":37},"end":{"line":44,"column":1}},"line":40},"6":{"name":"(anonymous_6)","decl":{"start":{"line":46,"column":31},"end":{"line":46,"column":32}},"loc":{"start":{"line":46,"column":40},"end":{"line":50,"column":1}},"line":46}},"branchMap":{"0":{"loc":{"start":{"line":7,"column":2},"end":{"line":7,"column":68}},"type":"if","locations":[{"start":{"line":7,"column":2},"end":{"line":7,"column":68}},{"start":{},"end":{}}],"line":7},"1":{"loc":{"start":{"line":12,"column":21},"end":{"line":12,"column":30}},"type":"binary-expr","locations":[{"start":{"line":12,"column":21},"end":{"line":12,"column":24}},{"start":{"line":12,"column":28},"end":{"line":12,"column":30}}],"line":12},"2":{"loc":{"start":{"line":13,"column":2},"end":{"line":13,"column":53}},"type":"if","locations":[{"start":{"line":13,"column":2},"end":{"line":13,"column":53}},{"start":{},"end":{}}],"line":13},"3":{"loc":{"start":{"line":14,"column":2},"end":{"line":15,"column":103}},"type":"if","locations":[{"start":{"line":14,"column":2},"end":{"line":15,"column":103}},{"start":{},"end":{}}],"line":14},"4":{"loc":{"start":{"line":20,"column":21},"end":{"line":20,"column":30}},"type":"binary-expr","locations":[{"start":{"line":20,"column":21},"end":{"line":20,"column":24}},{"start":{"line":20,"column":28},"end":{"line":20,"column":30}}],"line":20},"5":{"loc":{"start":{"line":21,"column":2},"end":{"line":22,"column":98}},"type":"if","locations":[{"start":{"line":21,"column":2},"end":{"line":22,"column":98}},{"start":{},"end":{}}],"line":21},"6":{"loc":{"start":{"line":28,"column":2},"end":{"line":29,"column":83}},"type":"if","locations":[{"start":{"line":28,"column":2},"end":{"line":29,"column":83}},{"start":{},"end":{}}],"line":28},"7":{"loc":{"start":{"line":28,"column":6},"end":{"line":28,"column":46}},"type":"binary-expr","locations":[{"start":{"line":28,"column":6},"end":{"line":28,"column":26}},{"start":{"line":28,"column":30},"end":{"line":28,"column":35}},{"start":{"line":28,"column":39},"end":{"line":28,"column":46}}],"line":28},"8":{"loc":{"start":{"line":34,"column":22},"end":{"line":34,"column":31}},"type":"binary-expr","locations":[{"start":{"line":34,"column":22},"end":{"line":34,"column":25}},{"start":{"line":34,"column":29},"end":{"line":34,"column":31}}],"line":34},"9":{"loc":{"start":{"line":35,"column":2},"end":{"line":35,"column":55}},"type":"if","locations":[{"start":{"line":35,"column":2},"end":{"line":35,"column":55}},{"start":{},"end":{}}],"line":35},"10":{"loc":{"start":{"line":36,"column":2},"end":{"line":36,"column":107}},"type":"if","locations":[{"start":{"line":36,"column":2},"end":{"line":36,"column":107}},{"start":{},"end":{}}],"line":36},"11":{"loc":{"start":{"line":41,"column":22},"end":{"line":41,"column":31}},"type":"binary-expr","locations":[{"start":{"line":41,"column":22},"end":{"line":41,"column":25}},{"start":{"line":41,"column":29},"end":{"line":41,"column":31}}],"line":41},"12":{"loc":{"start":{"line":42,"column":2},"end":{"line":42,"column":80}},"type":"if","locations":[{"start":{"line":42,"column":2},"end":{"line":42,"column":80}},{"start":{},"end":{}}],"line":42},"13":{"loc":{"start":{"line":48,"column":2},"end":{"line":48,"column":81}},"type":"if","locations":[{"start":{"line":48,"column":2},"end":{"line":48,"column":81}},{"start":{},"end":{}}],"line":48},"14":{"loc":{"start":{"line":48,"column":6},"end":{"line":48,"column":37}},"type":"binary-expr","locations":[{"start":{"line":48,"column":6},"end":{"line":48,"column":27}},{"start":{"line":48,"column":31},"end":{"line":48,"column":37}}],"line":48}},"s":{"0":1,"1":1,"2":1,"3":1,"4":3,"5":3,"6":2,"7":1,"8":1,"9":7,"10":7,"11":2,"12":5,"13":3,"14":2,"15":1,"16":7,"17":7,"18":3,"19":4,"20":1,"21":8,"22":8,"23":4,"24":4,"25":1,"26":7,"27":7,"28":2,"29":5,"30":3,"31":2,"32":1,"33":4,"34":4,"35":1,"36":3,"37":1,"38":5,"39":5,"40":3,"41":2},"f":{"0":3,"1":7,"2":7,"3":8,"4":7,"5":4,"6":5},"b":{"0":[2,1],"1":[7,1],"2":[2,5],"3":[3,2],"4":[7,1],"5":[3,4],"6":[4,4],"7":[8,7,5],"8":[7,1],"9":[2,5],"10":[3,2],"11":[4,1],"12":[1,3],"13":[3,2],"14":[5,4]},"_coverageSchema":"1a1c01bbd47fc00a2c39e90264f33305004495a9","hash":"09aa3348099d6ee66d4509312c5b5e6659f27aa2"}
}
