TN:
SF:src\resolvers\validation.js
FN:5,(anonymous_0)
FN:11,(anonymous_1)
FN:19,(anonymous_2)
FN:26,(anonymous_3)
FN:33,(anonymous_4)
FN:40,(anonymous_5)
FN:46,(anonymous_6)
FNF:7
FNH:7
FNDA:3,(anonymous_0)
FNDA:7,(anonymous_1)
FNDA:7,(anonymous_2)
FNDA:8,(anonymous_3)
FNDA:7,(anonymous_4)
FNDA:4,(anonymous_5)
FNDA:5,(anonymous_6)
DA:1,1
DA:2,1
DA:3,1
DA:5,1
DA:6,3
DA:7,3
DA:8,1
DA:11,1
DA:12,7
DA:13,7
DA:14,5
DA:15,3
DA:16,2
DA:19,1
DA:20,7
DA:21,7
DA:22,3
DA:23,4
DA:26,1
DA:27,8
DA:28,8
DA:29,4
DA:30,4
DA:33,1
DA:34,7
DA:35,7
DA:36,5
DA:37,2
DA:40,1
DA:41,4
DA:42,4
DA:43,3
DA:46,1
DA:47,5
DA:48,5
DA:49,2
LF:36
LH:36
BRDA:7,0,0,2
BRDA:7,0,1,1
BRDA:12,1,0,7
BRDA:12,1,1,1
BRDA:13,2,0,2
BRDA:13,2,1,5
BRDA:14,3,0,3
BRDA:14,3,1,2
BRDA:20,4,0,7
BRDA:20,4,1,1
BRDA:21,5,0,3
BRDA:21,5,1,4
BRDA:28,6,0,4
BRDA:28,6,1,4
BRDA:28,7,0,8
BRDA:28,7,1,7
BRDA:28,7,2,5
BRDA:34,8,0,7
BRDA:34,8,1,1
BRDA:35,9,0,2
BRDA:35,9,1,5
BRDA:36,10,0,3
BRDA:36,10,1,2
BRDA:41,11,0,4
BRDA:41,11,1,1
BRDA:42,12,0,1
BRDA:42,12,1,3
BRDA:48,13,0,3
BRDA:48,13,1,2
BRDA:48,14,0,5
BRDA:48,14,1,4
BRF:31
BRH:31
end_of_record
